<?xml version="1.0" encoding="UTF-8"?>
<!-- Generated by org.testng.reporters.JUnitXMLReporter -->
<testsuite ignored="0" hostname="LAPTOP-4H99QCV0" failures="0" tests="6" name="Default test" time="13.406" errors="0" timestamp="2023-07-31T08:58:09 IST">
  <testcase classname="com.framework.HybridDrivenFW" name="test" time="3.238"/>
  <testcase classname="com.framework.HybridDrivenFW" name="test" time="3.113"/>
  <testcase classname="com.framework.HybridDrivenFW" name="test" time="2.143"/>
  <testcase classname="com.framework.HybridDrivenFW" name="test" time="2.134"/>
  <testcase classname="com.framework.HybridDrivenFW" name="test" time="2.166"/>
  <testcase classname="com.framework.HybridDrivenFW" name="test" time="0.125"/>
</testsuite> <!-- Default test -->
