<?xml version="1.0" encoding="UTF-8"?>
<testng-results ignored="0" total="1" passed="1" failed="0" skipped="0">
  <reporter-output>
  </reporter-output>
  <suite started-at="2023-09-08T09:25:12 IST" name="Default suite" finished-at="2023-09-08T09:26:28 IST" duration-ms="76140">
    <groups>
    </groups>
    <test started-at="2023-09-08T09:25:12 IST" name="Default test" finished-at="2023-09-08T09:26:28 IST" duration-ms="76140">
      <class name="com.framework.DataDrivenFW">
        <test-method signature="test()[pri:0, instance:com.framework.DataDrivenFW@6404f418]" started-at="2023-09-08T09:25:12 IST" name="test" finished-at="2023-09-08T09:26:28 IST" duration-ms="76091" status="PASS">
          <reporter-output>
          </reporter-output>
        </test-method> <!-- test -->
      </class> <!-- com.framework.DataDrivenFW -->
    </test> <!-- Default test -->
  </suite> <!-- Default suite -->
</testng-results>
