<?xml version="1.0" encoding="UTF-8"?>
<testng-results ignored="0" total="6" passed="6" failed="0" skipped="0">
  <reporter-output>
  </reporter-output>
  <suite started-at="2023-07-31T08:57:56 IST" name="Default suite" finished-at="2023-07-31T08:58:09 IST" duration-ms="13406">
    <groups>
    </groups>
    <test started-at="2023-07-31T08:57:56 IST" name="Default test" finished-at="2023-07-31T08:58:09 IST" duration-ms="13406">
      <class name="com.framework.HybridDrivenFW">
        <test-method signature="test(java.lang.String,java.lang.String)[pri:0, instance:com.framework.HybridDrivenFW@47e2e487]" started-at="2023-07-31T08:57:56 IST" name="test" data-provider="Anil" finished-at="2023-07-31T08:57:59 IST" duration-ms="3238" status="PASS">
          <params>
            <param index="0">
              <value>
                <![CDATA[open browser]]>
              </value>
            </param>
            <param index="1">
              <value>
                <![CDATA[null]]>
              </value>
            </param>
          </params>
          <reporter-output>
          </reporter-output>
        </test-method> <!-- test -->
        <test-method signature="test(java.lang.String,java.lang.String)[pri:0, instance:com.framework.HybridDrivenFW@47e2e487]" started-at="2023-07-31T08:57:59 IST" name="test" data-provider="Anil" finished-at="2023-07-31T08:58:02 IST" duration-ms="3113" status="PASS">
          <params>
            <param index="0">
              <value>
                <![CDATA[enter url]]>
              </value>
            </param>
            <param index="1">
              <value>
                <![CDATA[https://www.saucedemo.com/]]>
              </value>
            </param>
          </params>
          <reporter-output>
          </reporter-output>
        </test-method> <!-- test -->
        <test-method signature="test(java.lang.String,java.lang.String)[pri:0, instance:com.framework.HybridDrivenFW@47e2e487]" started-at="2023-07-31T08:58:02 IST" name="test" data-provider="Anil" finished-at="2023-07-31T08:58:04 IST" duration-ms="2143" status="PASS">
          <params>
            <param index="0">
              <value>
                <![CDATA[enter username]]>
              </value>
            </param>
            <param index="1">
              <value>
                <![CDATA[standard_user]]>
              </value>
            </param>
          </params>
          <reporter-output>
          </reporter-output>
        </test-method> <!-- test -->
        <test-method signature="test(java.lang.String,java.lang.String)[pri:0, instance:com.framework.HybridDrivenFW@47e2e487]" started-at="2023-07-31T08:58:04 IST" name="test" data-provider="Anil" finished-at="2023-07-31T08:58:07 IST" duration-ms="2134" status="PASS">
          <params>
            <param index="0">
              <value>
                <![CDATA[enter password]]>
              </value>
            </param>
            <param index="1">
              <value>
                <![CDATA[secret_sauce]]>
              </value>
            </param>
          </params>
          <reporter-output>
          </reporter-output>
        </test-method> <!-- test -->
        <test-method signature="test(java.lang.String,java.lang.String)[pri:0, instance:com.framework.HybridDrivenFW@47e2e487]" started-at="2023-07-31T08:58:07 IST" name="test" data-provider="Anil" finished-at="2023-07-31T08:58:09 IST" duration-ms="2166" status="PASS">
          <params>
            <param index="0">
              <value>
                <![CDATA[click login]]>
              </value>
            </param>
            <param index="1">
              <value>
                <![CDATA[null]]>
              </value>
            </param>
          </params>
          <reporter-output>
          </reporter-output>
        </test-method> <!-- test -->
        <test-method signature="test(java.lang.String,java.lang.String)[pri:0, instance:com.framework.HybridDrivenFW@47e2e487]" started-at="2023-07-31T08:58:09 IST" name="test" data-provider="Anil" finished-at="2023-07-31T08:58:09 IST" duration-ms="125" status="PASS">
          <params>
            <param index="0">
              <value>
                <![CDATA[close browser]]>
              </value>
            </param>
            <param index="1">
              <value>
                <![CDATA[null]]>
              </value>
            </param>
          </params>
          <reporter-output>
          </reporter-output>
        </test-method> <!-- test -->
      </class> <!-- com.framework.HybridDrivenFW -->
    </test> <!-- Default test -->
  </suite> <!-- Default suite -->
</testng-results>
