<?xml version="1.0" encoding="UTF-8"?>
<!-- Generated by org.testng.reporters.JUnitXMLReporter -->
<testsuite ignored="0" hostname="LAPTOP-4H99QCV0" failures="1" tests="1" name="Default test" time="1.675" errors="0" timestamp="2023-11-24T13:18:04 IST">
  <testcase classname="com.maven.AppiumTest.AppTest" name="appiumTest" time="1.615">
    <failure type="org.openqa.selenium.SessionNotCreatedException" message="Could not start a new session. Response code 500. Message: An unknown server-side error occurred while processing the command. Original error: Check https://forum.xda-developers.com/t/i-cant-enable-write_secure_settings-for-an-app-over-adb.3855596/ for throubleshooting. Error executing adbExec. Original error: &amp;apos;Command &amp;apos;&amp;apos;C:\\Users\\ANIL PATEL\\AppData\\Local\\Android\\Sdk\\platform-tools\\adb.exe&amp;apos; -P 5037 -s YDOVFMNNV8QKORZD shell &amp;apos;settings delete global hidden_api_policy_pre_p_apps;settings delete global hidden_api_policy_p_apps;settings delete global hidden_api_policy&amp;apos;&amp;apos; exited with code 255&amp;apos;; Command output: 
Exception occurred while executing &amp;apos;delete&amp;apos;:
java.lang.SecurityException: Permission denial: writing to settings requires:android.permission.WRITE_SECURE_SETTINGS
	at com.android.providers.settings.SettingsProvider.enforceWritePermission(SettingsProvider.java:2641)
	at com.android.providers.settings.SettingsProvider.mutateGlobalSetting(SettingsProvider.java:1633)
	at com.android.providers.settings.SettingsProvider.mutateGlobalSetting(SettingsProvider.java:1625)
	at com.android.providers.settings.SettingsProvider.deleteGlobalSetting(SettingsProvider.java:1596)
	at com.android.providers.settings.SettingsProvider.call(SettingsProvider.java:662)
	at android.content.ContentProvider.call(ContentProvider.java:2473)
	at android.content.ContentProvider$Transport.call(ContentProvider.java:521)
	at com.android.providers.settings.SettingsService$MyShellCommand.deleteForUser(SettingsService.java:408)
	at com.android.providers.settings.SettingsService$MyShellCommand.onCommand(SettingsService.java:282)
	at com.android.modules.utils.BasicShellCommandHandler.exec(BasicShellCommandHandler.java:97)
	at android.os.ShellCommand.exec(ShellCommand.java:38)
	at com.android.providers.settings.SettingsService.onShellCommand(SettingsService.java:50)
	at android.os.Binder.shellCommand(Binder.java:970)
	at android.os.Binder.onTransact(Binder.java:854)
	at android.os.Binder.execTransactInternal(Binder.java:1226)
	at android.os.Binder.execTransact(Binder.java:1163)

Exception occurred while executing &amp;apos;delete&amp;apos;:
java.lang.SecurityException: Permission denial: writing to settings requires:android.permission.WRITE_SECURE_SETTINGS
	at com.android.providers.settings.SettingsProvider.enforceWritePermission(SettingsProvider.java:2641)
	at com.android.providers.settings.SettingsProvider.mutateGlobalSetting(SettingsProvider.java:1633)
	at com.android.providers.settings.SettingsProvider.mutateGlobalSetting(SettingsProvider.java:1625)
	at com.android.providers.settings.SettingsProvider.deleteGlobalSetting(SettingsProvider.java:1596)
	at com.android.providers.settings.SettingsProvider.call(SettingsProvider.java:662)
	at android.content.ContentProvider.call(ContentProvider.java:2473)
	at android.content.ContentProvider$Transport.call(ContentProvider.java:521)
	at com.android.providers.settings.SettingsService$MyShellCommand.deleteForUser(SettingsService.java:408)
	at com.android.providers.settings.SettingsService$MyShellCommand.onCommand(SettingsService.java:282)
	at com.android.modules.utils.BasicShellCommandHandler.exec(BasicShellCommandHandler.java:97)
	at android.os.ShellCommand.exec(ShellCommand.java:38)
	at com.android.providers.settings.SettingsService.onShellCommand(SettingsService.java:50)
	at android.os.Binder.shellCommand(Binder.java:970)
	at android.os.Binder.onTransact(Binder.java:854)
	at android.os.Binder.execTransactInternal(Binder.java:1226)
	at android.os.Binder.execTransact(Binder.java:1163)

Exception occurred while executing &amp;apos;delete&amp;apos;:
java.lang.SecurityException: Permission denial: writing to settings requires:android.permission.WRITE_SECURE_SETTINGS
	at com.android.providers.settings.SettingsProvider.enforceWritePermission(SettingsProvider.java:2641)
	at com.android.providers.settings.SettingsProvider.mutateGlobalSetting(SettingsProvider.java:1633)
	at com.android.providers.settings.SettingsProvider.mutateGlobalSetting(SettingsProvider.java:1625)
	at com.android.providers.settings.SettingsProvider.deleteGlobalSetting(SettingsProvider.java:1596)
	at com.android.providers.settings.SettingsProvider.call(SettingsProvider.java:662)
	at android.content.ContentProvider.call(ContentProvider.java:2473)
	at android.content.ContentProvider$Transport.call(ContentProvider.java:521)
	at com.android.providers.settings.SettingsService$MyShellCommand.deleteForUser(SettingsService.java:408)
	at com.android.providers.settings.SettingsService$MyShellCommand.onCommand(SettingsService.java:282)
	at com.android.modules.utils.BasicShellCommandHandler.exec(BasicShellCommandHandler.java:97)
	at android.os.ShellCommand.exec(ShellCommand.java:38)
	at com.android.providers.settings.SettingsService.onShellCommand(SettingsService.java:50)
	at android.os.Binder.shellCommand(Binder.java:970)
	at android.os.Binder.onTransact(Binder.java:854)
	at android.os.Binder.execTransactInternal(Binder.java:1226)
	at android.os.Binder.execTransact(Binder.java:1163)
 
Host info: host: &amp;apos;LAPTOP-4H99QCV0&amp;apos;, ip: &amp;apos;192.168.0.105&amp;apos;
Build info: version: &amp;apos;4.15.0&amp;apos;, revision: &amp;apos;1d14b5521b&amp;apos;
System info: os.name: &amp;apos;Windows 11&amp;apos;, os.arch: &amp;apos;amd64&amp;apos;, os.version: &amp;apos;10.0&amp;apos;, java.version: &amp;apos;17.0.7&amp;apos;
Driver info: io.appium.java_client.android.AndroidDriver
Command: [null, newSession {capabilities=[{appium:deviceName=anil, platformName=ANDROID, appium:automationName=UIAutomator2, appium:app=C:\Users\ANIL PATEL\Automation Library\Appium\ApiDemos-debug.apk}], desiredCapabilities=Capabilities {appium:app: C:\Users\ANIL PATEL\Automat..., appium:automationName: UIAutomator2, appium:deviceName: anil, platformName: ANDROID}}]
Capabilities {appium:app: C:\Users\ANIL PATEL\Automat..., appium:automationName: UIAutomator2, appium:deviceName: anil, platformName: ANDROID}">
      <![CDATA[org.openqa.selenium.SessionNotCreatedException: Could not start a new session. Response code 500. Message: An unknown server-side error occurred while processing the command. Original error: Check https://forum.xda-developers.com/t/i-cant-enable-write_secure_settings-for-an-app-over-adb.3855596/ for throubleshooting. Error executing adbExec. Original error: 'Command ''C:\\Users\\ANIL PATEL\\AppData\\Local\\Android\\Sdk\\platform-tools\\adb.exe' -P 5037 -s YDOVFMNNV8QKORZD shell 'settings delete global hidden_api_policy_pre_p_apps;settings delete global hidden_api_policy_p_apps;settings delete global hidden_api_policy'' exited with code 255'; Command output: 
Exception occurred while executing 'delete':
java.lang.SecurityException: Permission denial: writing to settings requires:android.permission.WRITE_SECURE_SETTINGS
at com.android.providers.settings.SettingsProvider.enforceWritePermission(SettingsProvider.java:2641)
at com.android.providers.settings.SettingsProvider.mutateGlobalSetting(SettingsProvider.java:1633)
at com.android.providers.settings.SettingsProvider.mutateGlobalSetting(SettingsProvider.java:1625)
at com.android.providers.settings.SettingsProvider.deleteGlobalSetting(SettingsProvider.java:1596)
at com.android.providers.settings.SettingsProvider.call(SettingsProvider.java:662)
at android.content.ContentProvider.call(ContentProvider.java:2473)
at android.content.ContentProvider$Transport.call(ContentProvider.java:521)
at com.android.providers.settings.SettingsService$MyShellCommand.deleteForUser(SettingsService.java:408)
at com.android.providers.settings.SettingsService$MyShellCommand.onCommand(SettingsService.java:282)
at com.android.modules.utils.BasicShellCommandHandler.exec(BasicShellCommandHandler.java:97)
at android.os.ShellCommand.exec(ShellCommand.java:38)
at com.android.providers.settings.SettingsService.onShellCommand(SettingsService.java:50)
at android.os.Binder.shellCommand(Binder.java:970)
at android.os.Binder.onTransact(Binder.java:854)
at android.os.Binder.execTransactInternal(Binder.java:1226)
at android.os.Binder.execTransact(Binder.java:1163)

Exception occurred while executing 'delete':
java.lang.SecurityException: Permission denial: writing to settings requires:android.permission.WRITE_SECURE_SETTINGS
at com.android.providers.settings.SettingsProvider.enforceWritePermission(SettingsProvider.java:2641)
at com.android.providers.settings.SettingsProvider.mutateGlobalSetting(SettingsProvider.java:1633)
at com.android.providers.settings.SettingsProvider.mutateGlobalSetting(SettingsProvider.java:1625)
at com.android.providers.settings.SettingsProvider.deleteGlobalSetting(SettingsProvider.java:1596)
at com.android.providers.settings.SettingsProvider.call(SettingsProvider.java:662)
at android.content.ContentProvider.call(ContentProvider.java:2473)
at android.content.ContentProvider$Transport.call(ContentProvider.java:521)
at com.android.providers.settings.SettingsService$MyShellCommand.deleteForUser(SettingsService.java:408)
at com.android.providers.settings.SettingsService$MyShellCommand.onCommand(SettingsService.java:282)
at com.android.modules.utils.BasicShellCommandHandler.exec(BasicShellCommandHandler.java:97)
at android.os.ShellCommand.exec(ShellCommand.java:38)
at com.android.providers.settings.SettingsService.onShellCommand(SettingsService.java:50)
at android.os.Binder.shellCommand(Binder.java:970)
at android.os.Binder.onTransact(Binder.java:854)
at android.os.Binder.execTransactInternal(Binder.java:1226)
at android.os.Binder.execTransact(Binder.java:1163)

Exception occurred while executing 'delete':
java.lang.SecurityException: Permission denial: writing to settings requires:android.permission.WRITE_SECURE_SETTINGS
at com.android.providers.settings.SettingsProvider.enforceWritePermission(SettingsProvider.java:2641)
at com.android.providers.settings.SettingsProvider.mutateGlobalSetting(SettingsProvider.java:1633)
at com.android.providers.settings.SettingsProvider.mutateGlobalSetting(SettingsProvider.java:1625)
at com.android.providers.settings.SettingsProvider.deleteGlobalSetting(SettingsProvider.java:1596)
at com.android.providers.settings.SettingsProvider.call(SettingsProvider.java:662)
at android.content.ContentProvider.call(ContentProvider.java:2473)
at android.content.ContentProvider$Transport.call(ContentProvider.java:521)
at com.android.providers.settings.SettingsService$MyShellCommand.deleteForUser(SettingsService.java:408)
at com.android.providers.settings.SettingsService$MyShellCommand.onCommand(SettingsService.java:282)
at com.android.modules.utils.BasicShellCommandHandler.exec(BasicShellCommandHandler.java:97)
at android.os.ShellCommand.exec(ShellCommand.java:38)
at com.android.providers.settings.SettingsService.onShellCommand(SettingsService.java:50)
at android.os.Binder.shellCommand(Binder.java:970)
at android.os.Binder.onTransact(Binder.java:854)
at android.os.Binder.execTransactInternal(Binder.java:1226)
at android.os.Binder.execTransact(Binder.java:1163)
 
Host info: host: 'LAPTOP-4H99QCV0', ip: '192.168.0.105'
Build info: version: '4.15.0', revision: '1d14b5521b'
System info: os.name: 'Windows 11', os.arch: 'amd64', os.version: '10.0', java.version: '17.0.7'
Driver info: io.appium.java_client.android.AndroidDriver
Command: [null, newSession {capabilities=[{appium:deviceName=anil, platformName=ANDROID, appium:automationName=UIAutomator2, appium:app=C:\Users\ANIL PATEL\Automation Library\Appium\ApiDemos-debug.apk}], desiredCapabilities=Capabilities {appium:app: C:\Users\ANIL PATEL\Automat..., appium:automationName: UIAutomator2, appium:deviceName: anil, platformName: ANDROID}}]
Capabilities {appium:app: C:\Users\ANIL PATEL\Automat..., appium:automationName: UIAutomator2, appium:deviceName: anil, platformName: ANDROID}
at org.openqa.selenium.remote.ProtocolHandshake.createSession(ProtocolHandshake.java:140)
at java.base/jdk.internal.reflect.NativeMethodAccessorImpl.invoke0(Native Method)
at java.base/jdk.internal.reflect.NativeMethodAccessorImpl.invoke(NativeMethodAccessorImpl.java:77)
at java.base/jdk.internal.reflect.DelegatingMethodAccessorImpl.invoke(DelegatingMethodAccessorImpl.java:43)
at java.base/java.lang.reflect.Method.invoke(Method.java:568)
at io.appium.java_client.remote.AppiumProtocolHandshake.createSession(AppiumProtocolHandshake.java:133)
at io.appium.java_client.remote.AppiumProtocolHandshake.createSession(AppiumProtocolHandshake.java:102)
at io.appium.java_client.remote.AppiumCommandExecutor.createSession(AppiumCommandExecutor.java:177)
at io.appium.java_client.remote.AppiumCommandExecutor.execute(AppiumCommandExecutor.java:238)
at org.openqa.selenium.remote.RemoteWebDriver.execute(RemoteWebDriver.java:607)
at io.appium.java_client.AppiumDriver.startSession(AppiumDriver.java:268)
at org.openqa.selenium.remote.RemoteWebDriver.<init>(RemoteWebDriver.java:168)
at io.appium.java_client.AppiumDriver.<init>(AppiumDriver.java:90)
at io.appium.java_client.AppiumDriver.<init>(AppiumDriver.java:102)
at io.appium.java_client.android.AndroidDriver.<init>(AndroidDriver.java:109)
at com.maven.AppiumTest.AppTest.appiumTest(AppTest.java:24)
at java.base/jdk.internal.reflect.NativeMethodAccessorImpl.invoke0(Native Method)
at java.base/jdk.internal.reflect.NativeMethodAccessorImpl.invoke(NativeMethodAccessorImpl.java:77)
at java.base/jdk.internal.reflect.DelegatingMethodAccessorImpl.invoke(DelegatingMethodAccessorImpl.java:43)
at java.base/java.lang.reflect.Method.invoke(Method.java:568)
at org.testng.internal.invokers.MethodInvocationHelper.invokeMethod(MethodInvocationHelper.java:139)
at org.testng.internal.invokers.TestInvoker.invokeMethod(TestInvoker.java:664)
at org.testng.internal.invokers.TestInvoker.invokeTestMethod(TestInvoker.java:227)
at org.testng.internal.invokers.MethodRunner.runInSequence(MethodRunner.java:50)
at org.testng.internal.invokers.TestInvoker$MethodInvocationAgent.invoke(TestInvoker.java:957)
at org.testng.internal.invokers.TestInvoker.invokeTestMethods(TestInvoker.java:200)
at org.testng.internal.invokers.TestMethodWorker.invokeTestMethods(TestMethodWorker.java:148)
at org.testng.internal.invokers.TestMethodWorker.run(TestMethodWorker.java:128)
at java.base/java.util.ArrayList.forEach(ArrayList.java:1511)
at org.testng.TestRunner.privateRun(TestRunner.java:848)
at org.testng.TestRunner.run(TestRunner.java:621)
at org.testng.SuiteRunner.runTest(SuiteRunner.java:443)
at org.testng.SuiteRunner.runSequentially(SuiteRunner.java:437)
at org.testng.SuiteRunner.privateRun(SuiteRunner.java:397)
at org.testng.SuiteRunner.run(SuiteRunner.java:336)
at org.testng.SuiteRunnerWorker.runSuite(SuiteRunnerWorker.java:52)
at org.testng.SuiteRunnerWorker.run(SuiteRunnerWorker.java:95)
at org.testng.TestNG.runSuitesSequentially(TestNG.java:1280)
at org.testng.TestNG.runSuitesLocally(TestNG.java:1200)
at org.testng.TestNG.runSuites(TestNG.java:1114)
at org.testng.TestNG.run(TestNG.java:1082)
at org.testng.remote.AbstractRemoteTestNG.run(AbstractRemoteTestNG.java:115)
at org.testng.remote.RemoteTestNG.initAndRun(RemoteTestNG.java:251)
at org.testng.remote.RemoteTestNG.main(RemoteTestNG.java:77)
]]>
    </failure>
  </testcase> <!-- appiumTest -->
</testsuite> <!-- Default test -->
